<?xml version="1.0" encoding="UTF-8"?>
<testsuite name="ru.stqa.pft.sandbox.PointTests" tests="3" skipped="0" failures="0" errors="0" timestamp="2022-10-30T11:57:05" hostname="LAPTOP-6NF5C6OJ" time="0.013">
  <properties/>
  <testcase name="TestArea1" classname="ru.stqa.pft.sandbox.PointTests" time="0.01"/>
  <testcase name="TestArea2" classname="ru.stqa.pft.sandbox.PointTests" time="0.0"/>
  <testcase name="TestArea3" classname="ru.stqa.pft.sandbox.PointTests" time="0.0"/>
  <system-out><![CDATA[]]></system-out>
  <system-err><![CDATA[]]></system-err>
</testsuite>
