<?xml version="1.0" encoding="UTF-8"?>
<testsuite name="ru.stqa.addressbook.tests.GroupCreationTests" tests="3" skipped="0" failures="0" errors="0" timestamp="2022-12-05T17:49:28" hostname="LAPTOP-6NF5C6OJ" time="8.615">
  <properties/>
  <testcase name="testGroupCreation[0](GroupData{id='2147483647', name='test 0'})" classname="ru.stqa.addressbook.tests.GroupCreationTests" time="3.418"/>
  <testcase name="testGroupCreation[1](GroupData{id='2147483647', name='test 1'})" classname="ru.stqa.addressbook.tests.GroupCreationTests" time="2.531"/>
  <testcase name="testGroupCreation[2](GroupData{id='2147483647', name='test 2'})" classname="ru.stqa.addressbook.tests.GroupCreationTests" time="2.665"/>
  <system-out><![CDATA[]]></system-out>
  <system-err><![CDATA[]]></system-err>
</testsuite>
