<?xml version="1.0" encoding="UTF-8"?>
<testsuite name="ru.stqa.pft.addressbook.tests.GroupCreationTests" tests="4" skipped="0" failures="0" errors="0" timestamp="2019-03-15T19:29:16" hostname="Silva-Win8" time="36.098">
  <properties/>
  <testcase name="testBadGroupCreation" classname="ru.stqa.pft.addressbook.tests.GroupCreationTests" time="12.852"/>
  <testcase name="testGroupCreation[0](GroupData{id=2147483647, name='test 0'})" classname="ru.stqa.pft.addressbook.tests.GroupCreationTests" time="8.246"/>
  <testcase name="testGroupCreation[1](GroupData{id=2147483647, name='test 1'})" classname="ru.stqa.pft.addressbook.tests.GroupCreationTests" time="7.555"/>
  <testcase name="testGroupCreation[2](GroupData{id=2147483647, name='test 2'})" classname="ru.stqa.pft.addressbook.tests.GroupCreationTests" time="7.199"/>
  <system-out><![CDATA[]]></system-out>
  <system-err><![CDATA[]]></system-err>
</testsuite>
