<?xml version="1.0" encoding="UTF-8"?>
<testsuite name="ru.stqa.pft.test.RestTests" tests="1" skipped="0" failures="1" errors="0" timestamp="2022-12-17T17:32:26" hostname="LAPTOP-6NF5C6OJ" time="113.096">
  <properties/>
  <testcase name="testCreateIssue" classname="ru.stqa.pft.test.RestTests" time="113.096">
    <failure message="java.lang.AssertionError: Sets differ: expected [ru.stqa.pft.test.Issue@452319c5, ru.stqa.pft.test.Issue@34527b, ru.stqa.pft.test.Issue@c43708d3, ru.stqa.pft.test.Issue@8aca036c, ru.stqa.pft.test.Issue@1a11b9e9, ru.stqa.pft.test.Issue@1a11bdaa, ru.stqa.pft.test.Issue@6a12a2f4, ru.stqa.pft.test.Issue@2edcf696, ru.stqa.pft.test.Issue@c19351a, ru.stqa.pft.test.Issue@3c72ea2, ru.stqa.pft.test.Issue@a8f8ca25, ru.stqa.pft.test.Issue@ef0f9188, ru.stqa.pft.test.Issue@3eebae4c, ru.stqa.pft.test.Issue@a8f8e0ab, ru.stqa.pft.test.Issue@a8411892, ru.stqa.pft.test.Issue@a8411c53, ru.stqa.pft.test.Issue@a8f8ebee, ru.stqa.pft.test.Issue@a84123d5, ru.stqa.pft.test.Issue@4f5371a8, ru.stqa.pft.test.Issue@cc27ed42, ru.stqa.pft.test.Issue@6a135ea6] but got [ru.stqa.pft.test.Issue@452319c5, ru.stqa.pft.test.Issue@34527b, ru.stqa.pft.test.Issue@c43708d3, ru.stqa.pft.test.Issue@8aca036c, ru.stqa.pft.test.Issue@1a11b9e9, ru.stqa.pft.test.Issue@1a11bdaa, ru.stqa.pft.test.Issue@6a12a2f4, ru.stqa.pft.test.Issue@2edcf696, ru.stqa.pft.test.Issue@c19351a, ru.stqa.pft.test.Issue@3c72ea2, ru.stqa.pft.test.Issue@a8f8ca25, ru.stqa.pft.test.Issue@ef0f9188, ru.stqa.pft.test.Issue@3eebae4c, ru.stqa.pft.test.Issue@a8f8e0ab, ru.stqa.pft.test.Issue@a8411892, ru.stqa.pft.test.Issue@a8411c53, ru.stqa.pft.test.Issue@a8f8ebee, ru.stqa.pft.test.Issue@a84123d5, ru.stqa.pft.test.Issue@4f5371a8, ru.stqa.pft.test.Issue@cc27ed42]" type="java.lang.AssertionError">java.lang.AssertionError: Sets differ: expected [ru.stqa.pft.test.Issue@452319c5, ru.stqa.pft.test.Issue@34527b, ru.stqa.pft.test.Issue@c43708d3, ru.stqa.pft.test.Issue@8aca036c, ru.stqa.pft.test.Issue@1a11b9e9, ru.stqa.pft.test.Issue@1a11bdaa, ru.stqa.pft.test.Issue@6a12a2f4, ru.stqa.pft.test.Issue@2edcf696, ru.stqa.pft.test.Issue@c19351a, ru.stqa.pft.test.Issue@3c72ea2, ru.stqa.pft.test.Issue@a8f8ca25, ru.stqa.pft.test.Issue@ef0f9188, ru.stqa.pft.test.Issue@3eebae4c, ru.stqa.pft.test.Issue@a8f8e0ab, ru.stqa.pft.test.Issue@a8411892, ru.stqa.pft.test.Issue@a8411c53, ru.stqa.pft.test.Issue@a8f8ebee, ru.stqa.pft.test.Issue@a84123d5, ru.stqa.pft.test.Issue@4f5371a8, ru.stqa.pft.test.Issue@cc27ed42, ru.stqa.pft.test.Issue@6a135ea6] but got [ru.stqa.pft.test.Issue@452319c5, ru.stqa.pft.test.Issue@34527b, ru.stqa.pft.test.Issue@c43708d3, ru.stqa.pft.test.Issue@8aca036c, ru.stqa.pft.test.Issue@1a11b9e9, ru.stqa.pft.test.Issue@1a11bdaa, ru.stqa.pft.test.Issue@6a12a2f4, ru.stqa.pft.test.Issue@2edcf696, ru.stqa.pft.test.Issue@c19351a, ru.stqa.pft.test.Issue@3c72ea2, ru.stqa.pft.test.Issue@a8f8ca25, ru.stqa.pft.test.Issue@ef0f9188, ru.stqa.pft.test.Issue@3eebae4c, ru.stqa.pft.test.Issue@a8f8e0ab, ru.stqa.pft.test.Issue@a8411892, ru.stqa.pft.test.Issue@a8411c53, ru.stqa.pft.test.Issue@a8f8ebee, ru.stqa.pft.test.Issue@a84123d5, ru.stqa.pft.test.Issue@4f5371a8, ru.stqa.pft.test.Issue@cc27ed42]
	at org.testng.Assert.fail(Assert.java:97)
	at org.testng.Assert.assertEquals(Assert.java:1264)
	at org.testng.Assert.assertEquals(Assert.java:1244)
	at ru.stqa.pft.test.RestTests.testCreateIssue(RestTests.java:31)
	at sun.reflect.NativeMethodAccessorImpl.invoke0(Native Method)
	at sun.reflect.NativeMethodAccessorImpl.invoke(NativeMethodAccessorImpl.java:62)
	at sun.reflect.DelegatingMethodAccessorImpl.invoke(DelegatingMethodAccessorImpl.java:43)
	at java.lang.reflect.Method.invoke(Method.java:498)
	at org.testng.internal.MethodInvocationHelper.invokeMethod(MethodInvocationHelper.java:131)
	at org.testng.internal.Invoker.invokeMethod(Invoker.java:687)
	at org.testng.internal.Invoker.invokeTestMethod(Invoker.java:821)
	at org.testng.internal.Invoker.invokeTestMethods(Invoker.java:1128)
	at org.testng.internal.TestMethodWorker.invokeTestMethods(TestMethodWorker.java:140)
	at org.testng.internal.TestMethodWorker.run(TestMethodWorker.java:122)
	at org.testng.TestRunner.privateRun(TestRunner.java:724)
	at org.testng.TestRunner.run(TestRunner.java:574)
	at org.testng.SuiteRunner.runTest(SuiteRunner.java:398)
	at org.testng.SuiteRunner.runSequentially(SuiteRunner.java:392)
	at org.testng.SuiteRunner.privateRun(SuiteRunner.java:354)
	at org.testng.SuiteRunner.run(SuiteRunner.java:302)
	at org.testng.SuiteRunnerWorker.runSuite(SuiteRunnerWorker.java:53)
	at org.testng.SuiteRunnerWorker.run(SuiteRunnerWorker.java:96)
	at org.testng.TestNG.runSuitesSequentially(TestNG.java:1142)
	at org.testng.TestNG.runSuitesLocally(TestNG.java:1064)
	at org.testng.TestNG.runSuites(TestNG.java:994)
	at org.testng.TestNG.run(TestNG.java:962)
	at org.gradle.api.internal.tasks.testing.testng.TestNGTestClassProcessor.runTests(TestNGTestClassProcessor.java:141)
	at org.gradle.api.internal.tasks.testing.testng.TestNGTestClassProcessor.stop(TestNGTestClassProcessor.java:90)
	at org.gradle.api.internal.tasks.testing.SuiteTestClassProcessor.stop(SuiteTestClassProcessor.java:61)
	at sun.reflect.NativeMethodAccessorImpl.invoke0(Native Method)
	at sun.reflect.NativeMethodAccessorImpl.invoke(NativeMethodAccessorImpl.java:62)
	at sun.reflect.DelegatingMethodAccessorImpl.invoke(DelegatingMethodAccessorImpl.java:43)
	at java.lang.reflect.Method.invoke(Method.java:498)
	at org.gradle.internal.dispatch.ReflectionDispatch.dispatch(ReflectionDispatch.java:36)
	at org.gradle.internal.dispatch.ReflectionDispatch.dispatch(ReflectionDispatch.java:24)
	at org.gradle.internal.dispatch.ContextClassLoaderDispatch.dispatch(ContextClassLoaderDispatch.java:33)
	at org.gradle.internal.dispatch.ProxyDispatchAdapter$DispatchingInvocationHandler.invoke(ProxyDispatchAdapter.java:94)
	at com.sun.proxy.$Proxy2.stop(Unknown Source)
	at org.gradle.api.internal.tasks.testing.worker.TestWorker.stop(TestWorker.java:133)
	at sun.reflect.NativeMethodAccessorImpl.invoke0(Native Method)
	at sun.reflect.NativeMethodAccessorImpl.invoke(NativeMethodAccessorImpl.java:62)
	at sun.reflect.DelegatingMethodAccessorImpl.invoke(DelegatingMethodAccessorImpl.java:43)
	at java.lang.reflect.Method.invoke(Method.java:498)
	at org.gradle.internal.dispatch.ReflectionDispatch.dispatch(ReflectionDispatch.java:36)
	at org.gradle.internal.dispatch.ReflectionDispatch.dispatch(ReflectionDispatch.java:24)
	at org.gradle.internal.remote.internal.hub.MessageHubBackedObjectConnection$DispatchWrapper.dispatch(MessageHubBackedObjectConnection.java:182)
	at org.gradle.internal.remote.internal.hub.MessageHubBackedObjectConnection$DispatchWrapper.dispatch(MessageHubBackedObjectConnection.java:164)
	at org.gradle.internal.remote.internal.hub.MessageHub$Handler.run(MessageHub.java:414)
	at org.gradle.internal.concurrent.ExecutorPolicy$CatchAndRecordFailures.onExecute(ExecutorPolicy.java:64)
	at org.gradle.internal.concurrent.ManagedExecutorImpl$1.run(ManagedExecutorImpl.java:48)
	at java.util.concurrent.ThreadPoolExecutor.runWorker(ThreadPoolExecutor.java:1149)
	at java.util.concurrent.ThreadPoolExecutor$Worker.run(ThreadPoolExecutor.java:624)
	at org.gradle.internal.concurrent.ThreadFactoryImpl$ManagedThreadRunnable.run(ThreadFactoryImpl.java:56)
	at java.lang.Thread.run(Thread.java:750)
</failure>
  </testcase>
  <system-out><![CDATA[]]></system-out>
  <system-err><![CDATA[]]></system-err>
</testsuite>
