<?xml version="1.0" encoding="UTF-8"?>
<testsuite name="ru.stqa.addressbook.tests.GroupDeletionTests" tests="1" skipped="0" failures="0" errors="0" timestamp="2022-12-05T17:49:36" hostname="LAPTOP-6NF5C6OJ" time="1.442">
  <properties/>
  <testcase name="testGroupDeletion" classname="ru.stqa.addressbook.tests.GroupDeletionTests" time="1.442"/>
  <system-out><![CDATA[]]></system-out>
  <system-err><![CDATA[]]></system-err>
</testsuite>
