<?xml version="1.0" encoding="UTF-8"?>
<testsuite name="ru.stqa.addressbook.tests.GroupModificationTests" tests="1" skipped="0" failures="0" errors="0" timestamp="2022-12-05T17:49:38" hostname="LAPTOP-6NF5C6OJ" time="2.562">
  <properties/>
  <testcase name="testGroupModification" classname="ru.stqa.addressbook.tests.GroupModificationTests" time="2.562"/>
  <system-out><![CDATA[]]></system-out>
  <system-err><![CDATA[]]></system-err>
</testsuite>
