<?xml version="1.0" encoding="UTF-8"?>
<testsuite name="ru.stqa.addressbook.tests.GroupDeletionTests" tests="1" skipped="0" failures="0" errors="0" timestamp="2022-11-04T15:37:02" hostname="LAPTOP-6NF5C6OJ" time="0.807">
  <properties/>
  <testcase name="testGroupDeletion" classname="ru.stqa.addressbook.tests.GroupDeletionTests" time="0.807"/>
  <system-out><![CDATA[]]></system-out>
  <system-err><![CDATA[SLF4J: Failed to load class "org.slf4j.impl.StaticLoggerBinder".
SLF4J: Defaulting to no-operation (NOP) logger implementation
SLF4J: See http://www.slf4j.org/codes.html#StaticLoggerBinder for further details.
1667576216396	geckodriver	INFO	Listening on 127.0.0.1:44474
1667576217506	mozrunner::runner	INFO	Running command: "C:/Program Files/Mozilla Firefox/firefox.exe" "--marionette" "--remote-debugging-port" "27825" "--remote-allow-hosts" "localhost" "--remote-allow-origins" "http://127.0.0.1:27825/,http://localhost:27825/,http://[::1]:27825/" "-no-remote" "-profile" "C:\\Users\\Tanya\\AppData\\Local\\Temp\\rust_mozprofile4kO7CR"
1667576217955	Marionette	INFO	Marionette enabled
1667576217964	Marionette	INFO	Listening on port 54264
Read port: 54264
WebDriver BiDi listening on ws://127.0.0.1:27825
1667576218138	RemoteAgent	WARN	TLS certificate errors will be ignored for this session
console.warn: SearchSettings: "get: No settings file exists, new profile?" (new NotFoundError("Could not open the file at C:\\Users\\Tanya\\AppData\\Local\\Temp\\rust_mozprofile4kO7CR\\search.json.mozlz4", (void 0)))
DevTools listening on ws://127.0.0.1:27825/devtools/browser/6bb043b7-f85d-4d94-ae4c-20ff2717db8d
console.warn: LoginRecipes: "Falling back to a synchronous message for: http://localhost."
console.warn: LoginRecipes: "Falling back to a synchronous message for: http://localhost."
console.error: Region.jsm: "Error fetching region" (new Error("TIMEOUT", "resource://gre/modules/Region.jsm", 768))
console.error: Region.jsm: "Failed to fetch region" (new Error("TIMEOUT", "resource://gre/modules/Region.jsm", 420))
1667576223340	Marionette	INFO	Stopped listening on port 54264
]]></system-err>
</testsuite>
