<?xml version="1.0" encoding="UTF-8"?>
<testsuite name="ru.stqa.pft.addressbook.tests.ContactInfoTest" tests="1" skipped="0" failures="0" errors="0" timestamp="2017-09-25T13:39:09" hostname="WSRU-ZHILOVA" time="4.067">
  <properties/>
  <testcase name="testContactInfo" classname="ru.stqa.pft.addressbook.tests.ContactInfoTest" time="4.067"/>
  <system-out><![CDATA[]]></system-out>
  <system-err><![CDATA[]]></system-err>
</testsuite>
