<?xml version="1.0" encoding="UTF-8"?>
<testsuite name="ru.stqa.addressbook.tests.GroupModificationTests" tests="1" skipped="0" failures="0" errors="0" timestamp="2022-11-04T16:24:22" hostname="LAPTOP-6NF5C6OJ" time="1.571">
  <properties/>
  <testcase name="testGroupModification" classname="ru.stqa.addressbook.tests.GroupModificationTests" time="1.571"/>
  <system-out><![CDATA[]]></system-out>
  <system-err><![CDATA[SLF4J: Failed to load class "org.slf4j.impl.StaticLoggerBinder".
SLF4J: Defaulting to no-operation (NOP) logger implementation
SLF4J: See http://www.slf4j.org/codes.html#StaticLoggerBinder for further details.
1667579056837	geckodriver	INFO	Listening on 127.0.0.1:18075
1667579058032	mozrunner::runner	INFO	Running command: "C:/Program Files/Mozilla Firefox/firefox.exe" "--marionette" "--remote-debugging-port" "26612" "--remote-allow-hosts" "localhost" "--remote-allow-origins" "http://127.0.0.1:26612/,http://localhost:26612/,http://[::1]:26612/" "-no-remote" "-profile" "C:\\Users\\Tanya\\AppData\\Local\\Temp\\rust_mozprofilesV2399"
1667579058529	Marionette	INFO	Marionette enabled
1667579058537	Marionette	INFO	Listening on port 50052
Read port: 50052
WebDriver BiDi listening on ws://127.0.0.1:26612
1667579058672	RemoteAgent	WARN	TLS certificate errors will be ignored for this session
console.warn: SearchSettings: "get: No settings file exists, new profile?" (new NotFoundError("Could not open the file at C:\\Users\\Tanya\\AppData\\Local\\Temp\\rust_mozprofilesV2399\\search.json.mozlz4", (void 0)))
DevTools listening on ws://127.0.0.1:26612/devtools/browser/94d97583-4241-4ef9-b95e-1837f41de443
console.warn: LoginRecipes: "Falling back to a synchronous message for: http://localhost."
console.warn: LoginRecipes: "Falling back to a synchronous message for: http://localhost."
1667579064197	Marionette	INFO	Stopped listening on port 50052
]]></system-err>
</testsuite>
