<?xml version="1.0" encoding="UTF-8"?>
<testsuite name="ru.stqa.addressbook.tests.GroupDeletionTests" tests="1" skipped="0" failures="0" errors="0" timestamp="2022-11-04T14:06:16" hostname="LAPTOP-6NF5C6OJ" time="0.701">
  <properties/>
  <testcase name="testGroupDeletion" classname="ru.stqa.addressbook.tests.GroupDeletionTests" time="0.701"/>
  <system-out><![CDATA[]]></system-out>
  <system-err><![CDATA[SLF4J: Failed to load class "org.slf4j.impl.StaticLoggerBinder".
SLF4J: Defaulting to no-operation (NOP) logger implementation
SLF4J: See http://www.slf4j.org/codes.html#StaticLoggerBinder for further details.
1667570770076	geckodriver	INFO	Listening on 127.0.0.1:43555
1667570771210	mozrunner::runner	INFO	Running command: "C:/Program Files/Mozilla Firefox/firefox.exe" "--marionette" "--remote-debugging-port" "36039" "--remote-allow-hosts" "localhost" "--remote-allow-origins" "http://127.0.0.1:36039/,http://localhost:36039/,http://[::1]:36039/" "-no-remote" "-profile" "C:\\Users\\Tanya\\AppData\\Local\\Temp\\rust_mozprofilekdk7Ze"
1667570771688	Marionette	INFO	Marionette enabled
1667570771696	Marionette	INFO	Listening on port 56033
Read port: 56033
WebDriver BiDi listening on ws://127.0.0.1:36039
1667570771854	RemoteAgent	WARN	TLS certificate errors will be ignored for this session
console.warn: SearchSettings: "get: No settings file exists, new profile?" (new NotFoundError("Could not open the file at C:\\Users\\Tanya\\AppData\\Local\\Temp\\rust_mozprofilekdk7Ze\\search.json.mozlz4", (void 0)))
DevTools listening on ws://127.0.0.1:36039/devtools/browser/505b8f68-c757-4247-a70f-df5390871a27
console.warn: LoginRecipes: "Falling back to a synchronous message for: http://localhost."
console.warn: LoginRecipes: "Falling back to a synchronous message for: http://localhost."
1667570777123	Marionette	INFO	Stopped listening on port 56033
]]></system-err>
</testsuite>
