<?xml version="1.0" encoding="UTF-8"?>
<testsuite name="ru.stqa.addressbook.ContactTestCase" tests="1" skipped="0" failures="0" errors="0" timestamp="2022-10-31T11:54:48" hostname="LAPTOP-6NF5C6OJ" time="4.504">
  <properties/>
  <testcase name="testContact" classname="ru.stqa.addressbook.ContactTestCase" time="4.504"/>
  <system-out><![CDATA[]]></system-out>
  <system-err><![CDATA[SLF4J: Failed to load class "org.slf4j.impl.StaticLoggerBinder".
SLF4J: Defaulting to no-operation (NOP) logger implementation
SLF4J: See http://www.slf4j.org/codes.html#StaticLoggerBinder for further details.
1667217282610	geckodriver	INFO	Listening on 127.0.0.1:28400
1667217283784	mozrunner::runner	INFO	Running command: "C:/Program Files/Mozilla Firefox/firefox.exe" "--marionette" "--remote-debugging-port" "9783" "--remote-allow-hosts" "localhost" "--remote-allow-origins" "http://127.0.0.1:9783/,http://localhost:9783/,http://[::1]:9783/" "-no-remote" "-profile" "C:\\Users\\Tanya\\AppData\\Local\\Temp\\rust_mozprofile2aYe7x"
1667217284426	Marionette	INFO	Marionette enabled
1667217284438	Marionette	INFO	Listening on port 64596
Read port: 64596
WebDriver BiDi listening on ws://127.0.0.1:9783
1667217284623	RemoteAgent	WARN	TLS certificate errors will be ignored for this session
console.warn: SearchSettings: "get: No settings file exists, new profile?" (new NotFoundError("Could not open the file at C:\\Users\\Tanya\\AppData\\Local\\Temp\\rust_mozprofile2aYe7x\\search.json.mozlz4", (void 0)))
DevTools listening on ws://127.0.0.1:9783/devtools/browser/da5ade91-eb27-476b-ba30-67be19146061
console.warn: LoginRecipes: "Falling back to a synchronous message for: http://localhost."
console.warn: LoginRecipes: "Falling back to a synchronous message for: http://localhost."
]]></system-err>
</testsuite>
