<?xml version="1.0" encoding="UTF-8"?>
<testsuite name="ru.stqa.addressbook.GroupCreationTests" tests="1" skipped="0" failures="0" errors="0" timestamp="2022-10-30T13:52:08" hostname="LAPTOP-6NF5C6OJ" time="2.434">
  <properties/>
  <testcase name="testGroupCreation" classname="ru.stqa.addressbook.GroupCreationTests" time="2.434"/>
  <system-out><![CDATA[]]></system-out>
  <system-err><![CDATA[SLF4J: Failed to load class "org.slf4j.impl.StaticLoggerBinder".
SLF4J: Defaulting to no-operation (NOP) logger implementation
SLF4J: See http://www.slf4j.org/codes.html#StaticLoggerBinder for further details.
1667137922793	geckodriver	INFO	Listening on 127.0.0.1:11939
1667137923969	mozrunner::runner	INFO	Running command: "C:/Program Files/Mozilla Firefox/firefox.exe" "--marionette" "--remote-debugging-port" "12954" "--remote-allow-hosts" "localhost" "--remote-allow-origins" "http://127.0.0.1:12954/,http://localhost:12954/,http://[::1]:12954/" "-no-remote" "-profile" "C:\\Users\\Tanya\\AppData\\Local\\Temp\\rust_mozprofilequtJ8D"
1667137924914	Marionette	INFO	Marionette enabled
1667137924927	Marionette	INFO	Listening on port 50206
Read port: 50206
WebDriver BiDi listening on ws://127.0.0.1:12954
1667137925137	RemoteAgent	WARN	TLS certificate errors will be ignored for this session
console.warn: SearchSettings: "get: No settings file exists, new profile?" (new NotFoundError("Could not open the file at C:\\Users\\Tanya\\AppData\\Local\\Temp\\rust_mozprofilequtJ8D\\search.json.mozlz4", (void 0)))
DevTools listening on ws://127.0.0.1:12954/devtools/browser/205fb64b-2a9c-4942-b510-5afc3a5a9a51
console.warn: LoginRecipes: "Falling back to a synchronous message for: http://localhost."
console.warn: LoginRecipes: "Falling back to a synchronous message for: http://localhost."
1667137930854	Marionette	INFO	Stopped listening on port 50206
[Parent 25092, IPC I/O Parent] WARNING: file /builds/worker/checkouts/gecko/ipc/chromium/src/base/process_util_win.cc:167
]]></system-err>
</testsuite>
