<?xml version="1.0" encoding="UTF-8"?>
<testsuite name="ru.stqa.addressbook.ContactTestCase" tests="1" skipped="0" failures="0" errors="0" timestamp="2022-10-31T12:08:35" hostname="LAPTOP-6NF5C6OJ" time="3.807">
  <properties/>
  <testcase name="testContact" classname="ru.stqa.addressbook.ContactTestCase" time="3.807"/>
  <system-out><![CDATA[]]></system-out>
  <system-err><![CDATA[SLF4J: Failed to load class "org.slf4j.impl.StaticLoggerBinder".
SLF4J: Defaulting to no-operation (NOP) logger implementation
SLF4J: See http://www.slf4j.org/codes.html#StaticLoggerBinder for further details.
1667218107594	geckodriver	INFO	Listening on 127.0.0.1:41345
1667218108887	mozrunner::runner	INFO	Running command: "C:/Program Files/Mozilla Firefox/firefox.exe" "--marionette" "--remote-debugging-port" "40700" "--remote-allow-hosts" "localhost" "--remote-allow-origins" "http://127.0.0.1:40700/,http://localhost:40700/,http://[::1]:40700/" "-no-remote" "-profile" "C:\\Users\\Tanya\\AppData\\Local\\Temp\\rust_mozprofilemVTq67"
1667218109739	Marionette	INFO	Marionette enabled
1667218109756	Marionette	INFO	Listening on port 49420
Read port: 49420
WebDriver BiDi listening on ws://127.0.0.1:40700
1667218110072	RemoteAgent	WARN	TLS certificate errors will be ignored for this session
console.warn: SearchSettings: "get: No settings file exists, new profile?" (new NotFoundError("Could not open the file at C:\\Users\\Tanya\\AppData\\Local\\Temp\\rust_mozprofilemVTq67\\search.json.mozlz4", (void 0)))
DevTools listening on ws://127.0.0.1:40700/devtools/browser/aa7372e5-2623-4436-9cff-4a2d2e8f545a
console.warn: LoginRecipes: "Falling back to a synchronous message for: http://localhost."
console.warn: LoginRecipes: "Falling back to a synchronous message for: http://localhost."
]]></system-err>
</testsuite>
