<?xml version="1.0" encoding="UTF-8"?>
<testsuite name="ru.stqa.addressbook.tests.ContactDeletionTests" tests="1" skipped="0" failures="0" errors="0" timestamp="2022-11-05T09:27:01" hostname="LAPTOP-6NF5C6OJ" time="0.644">
  <properties/>
  <testcase name="testContactDeletion" classname="ru.stqa.addressbook.tests.ContactDeletionTests" time="0.644"/>
  <system-out><![CDATA[]]></system-out>
  <system-err><![CDATA[SLF4J: Failed to load class "org.slf4j.impl.StaticLoggerBinder".
SLF4J: Defaulting to no-operation (NOP) logger implementation
SLF4J: See http://www.slf4j.org/codes.html#StaticLoggerBinder for further details.
1667640416431	geckodriver	INFO	Listening on 127.0.0.1:14033
1667640417384	mozrunner::runner	INFO	Running command: "C:/Program Files/Mozilla Firefox/firefox.exe" "--marionette" "--remote-debugging-port" "33900" "--remote-allow-hosts" "localhost" "--remote-allow-origins" "http://127.0.0.1:33900/,http://localhost:33900/,http://[::1]:33900/" "-no-remote" "-profile" "C:\\Users\\Tanya\\AppData\\Local\\Temp\\rust_mozprofileCQcqVx"
1667640417728	Marionette	INFO	Marionette enabled
1667640417734	Marionette	INFO	Listening on port 62449
WebDriver BiDi listening on ws://127.0.0.1:33900
Read port: 62449
1667640418162	RemoteAgent	WARN	TLS certificate errors will be ignored for this session
console.warn: SearchSettings: "get: No settings file exists, new profile?" (new NotFoundError("Could not open the file at C:\\Users\\Tanya\\AppData\\Local\\Temp\\rust_mozprofileCQcqVx\\search.json.mozlz4", (void 0)))
DevTools listening on ws://127.0.0.1:33900/devtools/browser/35f1dd83-6ad2-4320-933e-7dadc92b3564
console.warn: LoginRecipes: "Falling back to a synchronous message for: http://localhost."
console.warn: LoginRecipes: "Falling back to a synchronous message for: http://localhost."
1667640422356	Marionette	INFO	Stopped listening on port 62449
]]></system-err>
</testsuite>
