<?xml version="1.0" encoding="UTF-8"?>
<testsuite name="ru.stqa.pft.soap.GeoIpServiceTests" tests="1" skipped="0" failures="0" errors="0" timestamp="2022-12-15T17:04:37" hostname="LAPTOP-6NF5C6OJ" time="0.611">
  <properties/>
  <testcase name="testMyIp" classname="ru.stqa.pft.soap.GeoIpServiceTests" time="0.611"/>
  <system-out><![CDATA[]]></system-out>
  <system-err><![CDATA[]]></system-err>
</testsuite>
